<?xml version="1.0" encoding="UTF-8"?>
<testng-results ignored="0" total="1" passed="1" failed="0" skipped="0">
  <reporter-output>
  </reporter-output>
  <suite started-at="2021-12-19T11:21:53 BDT" name="Default suite" finished-at="2021-12-19T11:22:34 BDT" duration-ms="40827">
    <groups>
    </groups>
    <test started-at="2021-12-19T11:21:53 BDT" name="Default test" finished-at="2021-12-19T11:22:34 BDT" duration-ms="40827">
      <class name="testCases.TC_014_Handle_ShadowDom">
        <test-method is-config="true" signature="setDriver()[pri:0, instance:testCases.TC_014_Handle_ShadowDom@460d0a57]" started-at="2021-12-19T11:21:49 BDT" name="setDriver" finished-at="2021-12-19T11:21:53 BDT" duration-ms="4315" status="PASS">
          <reporter-output>
          </reporter-output>
        </test-method> <!-- setDriver -->
        <test-method signature="shadowDom()[pri:0, instance:testCases.TC_014_Handle_ShadowDom@460d0a57]" started-at="2021-12-19T11:21:53 BDT" name="shadowDom" finished-at="2021-12-19T11:22:34 BDT" duration-ms="40782" status="PASS">
          <reporter-output>
          </reporter-output>
        </test-method> <!-- shadowDom -->
        <test-method is-config="true" signature="close()[pri:0, instance:testCases.TC_014_Handle_ShadowDom@460d0a57]" started-at="2021-12-19T11:22:34 BDT" name="close" finished-at="2021-12-19T11:22:35 BDT" duration-ms="687" status="PASS">
          <reporter-output>
          </reporter-output>
        </test-method> <!-- close -->
      </class> <!-- testCases.TC_014_Handle_ShadowDom -->
    </test> <!-- Default test -->
  </suite> <!-- Default suite -->
</testng-results>
